Performing C SOURCE FILE Test CMAKE_HAVE_LIBC_PTHREAD failed with the following output:
Change Dir: /home/brownthedev/Documents/GTestSetupUsingExternalProject/GTestSetup/cmake-build-debug/gtest-target-prefix/src/gtest-target-build/CMakeFiles/CMakeTmp

Run Build Command(s):/usr/bin/make cmTC_7098e/fast && make[3]: Entering directory '/home/brownthedev/Documents/GTestSetupUsingExternalProject/GTestSetup/cmake-build-debug/gtest-target-prefix/src/gtest-target-build/CMakeFiles/CMakeTmp'
/usr/bin/make  -f CMakeFiles/cmTC_7098e.dir/build.make CMakeFiles/cmTC_7098e.dir/build
make[4]: Entering directory '/home/brownthedev/Documents/GTestSetupUsingExternalProject/GTestSetup/cmake-build-debug/gtest-target-prefix/src/gtest-target-build/CMakeFiles/CMakeTmp'
Building C object CMakeFiles/cmTC_7098e.dir/src.c.o
/usr/bin/cc   -DCMAKE_HAVE_LIBC_PTHREAD   -o CMakeFiles/cmTC_7098e.dir/src.c.o   -c /home/brownthedev/Documents/GTestSetupUsingExternalProject/GTestSetup/cmake-build-debug/gtest-target-prefix/src/gtest-target-build/CMakeFiles/CMakeTmp/src.c
Linking C executable cmTC_7098e
/home/brownthedev/.local/share/JetBrains/Toolbox/apps/CLion/ch-0/203.6682.181/bin/cmake/linux/bin/cmake -E cmake_link_script CMakeFiles/cmTC_7098e.dir/link.txt --verbose=1
/usr/bin/cc  -DCMAKE_HAVE_LIBC_PTHREAD    -rdynamic CMakeFiles/cmTC_7098e.dir/src.c.o  -o cmTC_7098e 
/usr/bin/ld: CMakeFiles/cmTC_7098e.dir/src.c.o: in function `main':
src.c:(.text+0x46): undefined reference to `pthread_create'
/usr/bin/ld: src.c:(.text+0x52): undefined reference to `pthread_detach'
/usr/bin/ld: src.c:(.text+0x5e): undefined reference to `pthread_cancel'
/usr/bin/ld: src.c:(.text+0x6f): undefined reference to `pthread_join'
collect2: error: ld returned 1 exit status
make[4]: *** [CMakeFiles/cmTC_7098e.dir/build.make:107: cmTC_7098e] Error 1
make[4]: Leaving directory '/home/brownthedev/Documents/GTestSetupUsingExternalProject/GTestSetup/cmake-build-debug/gtest-target-prefix/src/gtest-target-build/CMakeFiles/CMakeTmp'
make[3]: *** [Makefile:141: cmTC_7098e/fast] Error 2
make[3]: Leaving directory '/home/brownthedev/Documents/GTestSetupUsingExternalProject/GTestSetup/cmake-build-debug/gtest-target-prefix/src/gtest-target-build/CMakeFiles/CMakeTmp'


Source file was:
#include <pthread.h>

void* test_func(void* data)
{
  return data;
}

int main(void)
{
  pthread_t thread;
  pthread_create(&thread, NULL, test_func, NULL);
  pthread_detach(thread);
  pthread_cancel(thread);
  pthread_join(thread, NULL);
  pthread_atfork(NULL, NULL, NULL);
  pthread_exit(NULL);

  return 0;
}

Determining if the function pthread_create exists in the pthreads failed with the following output:
Change Dir: /home/brownthedev/Documents/GTestSetupUsingExternalProject/GTestSetup/cmake-build-debug/gtest-target-prefix/src/gtest-target-build/CMakeFiles/CMakeTmp

Run Build Command(s):/usr/bin/make cmTC_81a19/fast && make[3]: Entering directory '/home/brownthedev/Documents/GTestSetupUsingExternalProject/GTestSetup/cmake-build-debug/gtest-target-prefix/src/gtest-target-build/CMakeFiles/CMakeTmp'
/usr/bin/make  -f CMakeFiles/cmTC_81a19.dir/build.make CMakeFiles/cmTC_81a19.dir/build
make[4]: Entering directory '/home/brownthedev/Documents/GTestSetupUsingExternalProject/GTestSetup/cmake-build-debug/gtest-target-prefix/src/gtest-target-build/CMakeFiles/CMakeTmp'
Building C object CMakeFiles/cmTC_81a19.dir/CheckFunctionExists.c.o
/usr/bin/cc   -DCHECK_FUNCTION_EXISTS=pthread_create   -o CMakeFiles/cmTC_81a19.dir/CheckFunctionExists.c.o   -c /home/brownthedev/.local/share/JetBrains/Toolbox/apps/CLion/ch-0/203.6682.181/bin/cmake/linux/share/cmake-3.17/Modules/CheckFunctionExists.c
Linking C executable cmTC_81a19
/home/brownthedev/.local/share/JetBrains/Toolbox/apps/CLion/ch-0/203.6682.181/bin/cmake/linux/bin/cmake -E cmake_link_script CMakeFiles/cmTC_81a19.dir/link.txt --verbose=1
/usr/bin/cc  -DCHECK_FUNCTION_EXISTS=pthread_create    -rdynamic CMakeFiles/cmTC_81a19.dir/CheckFunctionExists.c.o  -o cmTC_81a19  -lpthreads 
/usr/bin/ld: cannot find -lpthreads
collect2: error: ld returned 1 exit status
make[4]: *** [CMakeFiles/cmTC_81a19.dir/build.make:107: cmTC_81a19] Error 1
make[4]: Leaving directory '/home/brownthedev/Documents/GTestSetupUsingExternalProject/GTestSetup/cmake-build-debug/gtest-target-prefix/src/gtest-target-build/CMakeFiles/CMakeTmp'
make[3]: *** [Makefile:141: cmTC_81a19/fast] Error 2
make[3]: Leaving directory '/home/brownthedev/Documents/GTestSetupUsingExternalProject/GTestSetup/cmake-build-debug/gtest-target-prefix/src/gtest-target-build/CMakeFiles/CMakeTmp'



